{"name": "test_web_app_negative_tc", "status": "failed", "statusDetails": {"message": "AssertionError: assert '' == 'Your email, ...did not match'\n  \n  - Your email, password, IP address or location did not match", "trace": "def test_web_app_negative_tc():\n        driver = webdriver.Chrome()\n        driver.get(\"https://app.vwo.com/\")\n        driver.maximize_window()\n    \n        email_element = driver.find_element(By.NAME, \"username\")\n        email_element.send_keys(\"admin\")\n    \n        time.sleep(10)\n    \n        password_element = driver.find_element(By.ID, \"login-password\")\n        password_element.send_keys(\"password123\")\n    \n        time.sleep(10)\n    \n        button_submit_element = driver.find_element(By.ID, \"js-login-btn\")\n        button_submit_element.click()\n    \n        error_msg_element = driver.find_element(By.ID, \"js-notification-box-msg\")\n        print(error_msg_element.text)\n>       assert error_msg_element.text == \"Your email, password, IP address or location did not match\"\nE       AssertionError: assert '' == 'Your email, ...did not match'\nE         \nE         - Your email, password, IP address or location did not match\n\npythonProject2\\10062024\\test_lab004.py:28: AssertionError"}, "attachments": [{"name": "stdout", "source": "8f977d69-c0d0-4a0c-ae10-9662bd0e6d87-attachment.txt", "type": "text/plain"}], "start": 1718106339906, "stop": 1718106374027, "uuid": "5474b84e-a6be-4cbd-b67b-b707be0e2b41", "historyId": "269b6af2f5876c12f1f0459de4d90267", "testCaseId": "269b6af2f5876c12f1f0459de4d90267", "fullName": "pythonProject2.10062024.test_lab004#test_web_app_negative_tc", "labels": [{"name": "parentSuite", "value": "pythonProject2.10062024"}, {"name": "suite", "value": "test_lab004"}, {"name": "host", "value": "hp-PC"}, {"name": "thread", "value": "2808-MainThread"}, {"name": "framework", "value": "pytest"}, {"name": "language", "value": "cpython3"}, {"name": "package", "value": "pythonProject2.10062024.test_lab004"}]}